<?xml version="1.0" encoding="UTF-8"?>
<!-- Generated by org.testng.reporters.JUnitReportReporter -->
<testsuite skipped="0" hostname="LAPTOP-5DN4VF2K" name="com.ultimateqa.testsuite.LoginPageTest" tests="1" failures="0" timestamp="2022-12-11T20:38:48 GMT" time="9.435" errors="0">
  <testcase name="verifyTheErrorMessage" time="9.435" classname="com.ultimateqa.testsuite.LoginPageTest"/>
  <system-out>
    <![CDATA[Click On Sign In Link[[ChromeDriver: chrome on WINDOWS (7535a7cf009a868e5dadf756ddd38bfa)] -> xpath: //li[@class='header__nav-item header__nav-sign-in']]
 Enter username admin1234@gmail.com to username field [[ChromeDriver: chrome on WINDOWS (7535a7cf009a868e5dadf756ddd38bfa)] -> id: user[email]]
 Enter password admin1234 to password field [[ChromeDriver: chrome on WINDOWS (7535a7cf009a868e5dadf756ddd38bfa)] -> id: user[password]]
 Click On Sign In Button [[ChromeDriver: chrome on WINDOWS (7535a7cf009a868e5dadf756ddd38bfa)] -> xpath: //button[contains(text(),'Sign in')]]
 Get Invalid Email Or Password [[ChromeDriver: chrome on WINDOWS (7535a7cf009a868e5dadf756ddd38bfa)] -> xpath: //li[contains(text(),"Invalid email or password.")]]]]>
  </system-out>
</testsuite> <!-- com.ultimateqa.testsuite.LoginPageTest -->
